[28/Jun/2019:16:40:17 +0800] 0:0:0:0:0:0:0:1 "GET / HTTP/1.1" 404 (0 ms)
[28/Jun/2019:16:40:24 +0800] 0:0:0:0:0:0:0:1 "GET /cas HTTP/1.1" 302 (0 ms)
[28/Jun/2019:16:40:32 +0800] 0:0:0:0:0:0:0:1 "GET /cas/ HTTP/1.1" 302 (7981 ms)
[28/Jun/2019:16:40:42 +0800] 0:0:0:0:0:0:0:1 "GET /cas/login HTTP/1.1" 200 (9982 ms)
[28/Jun/2019:16:40:42 +0800] 0:0:0:0:0:0:0:1 "GET /cas/webjars/lato/0.3.0/css/lato.min.css HTTP/1.1" 200 (111 ms)
[28/Jun/2019:16:40:42 +0800] 0:0:0:0:0:0:0:1 "GET /cas/webjars/font-awesome/4.7.0/css/font-awesome.min.css HTTP/1.1" 200 (168 ms)
[28/Jun/2019:16:40:42 +0800] 0:0:0:0:0:0:0:1 "GET /cas/css/cas.css HTTP/1.1" 200 (141 ms)
[28/Jun/2019:16:40:42 +0800] 0:0:0:0:0:0:0:1 "GET /cas/webjars/bootstrap/3.3.7-1/css/bootstrap.min.css HTTP/1.1" 200 (162 ms)
[28/Jun/2019:16:40:42 +0800] 0:0:0:0:0:0:0:1 "GET /cas/webjars/bootstrap/3.3.7-1/js/bootstrap.min.js HTTP/1.1" 200 (32 ms)
[28/Jun/2019:16:40:42 +0800] 0:0:0:0:0:0:0:1 "GET /cas/webjars/jquery-ui/1.12.1/jquery-ui.min.js HTTP/1.1" 200 (115 ms)
[28/Jun/2019:16:40:42 +0800] 0:0:0:0:0:0:0:1 "GET /cas/webjars/headjs/1.0.3/head.min.js HTTP/1.1" 200 (83 ms)
[28/Jun/2019:16:40:42 +0800] 0:0:0:0:0:0:0:1 "GET /cas/js/cas.js HTTP/1.1" 200 (66 ms)
[28/Jun/2019:16:40:42 +0800] 0:0:0:0:0:0:0:1 "GET /cas/webjars/jquery/3.3.1/dist/jquery.min.js HTTP/1.1" 200 (247 ms)
[28/Jun/2019:16:40:42 +0800] 0:0:0:0:0:0:0:1 "GET /cas/webjars/jquery-cookie/1.4.1-1/jquery.cookie.js HTTP/1.1" 200 (61 ms)
[28/Jun/2019:16:40:42 +0800] 0:0:0:0:0:0:0:1 "GET /cas/webjars/zxcvbn/4.3.0/zxcvbn.js HTTP/1.1" 200 (354 ms)
[28/Jun/2019:16:40:43 +0800] 0:0:0:0:0:0:0:1 "GET /cas/webjars/font-awesome/4.7.0/fonts/fontawesome-webfont.woff2?v=4.7.0 HTTP/1.1" 200 (91 ms)
[28/Jun/2019:16:40:43 +0800] 0:0:0:0:0:0:0:1 "GET /cas/webjars/lato/0.3.0/font/lato-light/lato-light.woff2 HTTP/1.1" 200 (100 ms)
[28/Jun/2019:16:40:43 +0800] 0:0:0:0:0:0:0:1 "GET /cas/favicon.ico HTTP/1.1" 200 (96 ms)
[28/Jun/2019:16:51:23 +0800] 0:0:0:0:0:0:0:1 "POST /cas/login HTTP/1.1" 302 (7348 ms)
[28/Jun/2019:16:51:31 +0800] 0:0:0:0:0:0:0:1 "GET /cas/login?exception.message=Error+decoding+flow+execution HTTP/1.1" 200 (7421 ms)
[28/Jun/2019:16:51:31 +0800] 0:0:0:0:0:0:0:1 "GET /cas/webjars/lato/0.3.0/css/lato.min.css HTTP/1.1" 200 (80 ms)
[28/Jun/2019:16:51:31 +0800] 0:0:0:0:0:0:0:1 "GET /cas/css/cas.css HTTP/1.1" 200 (84 ms)
[28/Jun/2019:16:51:31 +0800] 0:0:0:0:0:0:0:1 "GET /cas/webjars/font-awesome/4.7.0/css/font-awesome.min.css HTTP/1.1" 200 (114 ms)
[28/Jun/2019:16:51:31 +0800] 0:0:0:0:0:0:0:1 "GET /cas/webjars/jquery-ui/1.12.1/jquery-ui.min.js HTTP/1.1" 200 (39 ms)
[28/Jun/2019:16:51:31 +0800] 0:0:0:0:0:0:0:1 "GET /cas/webjars/bootstrap/3.3.7-1/js/bootstrap.min.js HTTP/1.1" 200 (12 ms)
[28/Jun/2019:16:51:31 +0800] 0:0:0:0:0:0:0:1 "GET /cas/webjars/headjs/1.0.3/head.min.js HTTP/1.1" 200 (10 ms)
[28/Jun/2019:16:51:31 +0800] 0:0:0:0:0:0:0:1 "GET /cas/webjars/bootstrap/3.3.7-1/css/bootstrap.min.css HTTP/1.1" 200 (171 ms)
[28/Jun/2019:16:51:31 +0800] 0:0:0:0:0:0:0:1 "GET /cas/webjars/jquery/3.3.1/dist/jquery.min.js HTTP/1.1" 200 (149 ms)
[28/Jun/2019:16:51:31 +0800] 0:0:0:0:0:0:0:1 "GET /cas/webjars/jquery-cookie/1.4.1-1/jquery.cookie.js HTTP/1.1" 200 (55 ms)
[28/Jun/2019:16:51:31 +0800] 0:0:0:0:0:0:0:1 "GET /cas/js/cas.js HTTP/1.1" 200 (32 ms)
[28/Jun/2019:16:51:31 +0800] 0:0:0:0:0:0:0:1 "GET /cas/webjars/zxcvbn/4.3.0/zxcvbn.js HTTP/1.1" 200 (209 ms)
[28/Jun/2019:16:51:31 +0800] 0:0:0:0:0:0:0:1 "GET /cas/webjars/lato/0.3.0/font/lato-light/lato-light.woff2 HTTP/1.1" 200 (11 ms)
[28/Jun/2019:16:51:31 +0800] 0:0:0:0:0:0:0:1 "GET /cas/webjars/font-awesome/4.7.0/fonts/fontawesome-webfont.woff2?v=4.7.0 HTTP/1.1" 200 (12 ms)
[28/Jun/2019:16:53:03 +0800] 0:0:0:0:0:0:0:1 "GET /cas/login HTTP/1.1" 200 (45 ms)
[28/Jun/2019:16:53:14 +0800] 0:0:0:0:0:0:0:1 "GET /cas/login HTTP/1.1" 200 (53 ms)
[28/Jun/2019:16:53:14 +0800] 0:0:0:0:0:0:0:1 "GET /cas/webjars/bootstrap/3.3.7-1/css/bootstrap.min.css HTTP/1.1" 304 (4 ms)
[28/Jun/2019:16:53:14 +0800] 0:0:0:0:0:0:0:1 "GET /cas/webjars/font-awesome/4.7.0/css/font-awesome.min.css HTTP/1.1" 304 (9 ms)
[28/Jun/2019:16:53:14 +0800] 0:0:0:0:0:0:0:1 "GET /cas/css/cas.css HTTP/1.1" 304 (5 ms)
[28/Jun/2019:16:53:14 +0800] 0:0:0:0:0:0:0:1 "GET /cas/webjars/jquery-cookie/1.4.1-1/jquery.cookie.js HTTP/1.1" 304 (6 ms)
[28/Jun/2019:16:53:14 +0800] 0:0:0:0:0:0:0:1 "GET /cas/webjars/jquery/3.3.1/dist/jquery.min.js HTTP/1.1" 304 (177 ms)
[28/Jun/2019:16:53:14 +0800] 0:0:0:0:0:0:0:1 "GET /cas/webjars/lato/0.3.0/css/lato.min.css HTTP/1.1" 304 (8 ms)
[28/Jun/2019:16:53:14 +0800] 0:0:0:0:0:0:0:1 "GET /cas/webjars/zxcvbn/4.3.0/zxcvbn.js HTTP/1.1" 304 (7 ms)
[28/Jun/2019:16:53:14 +0800] 0:0:0:0:0:0:0:1 "GET /cas/webjars/jquery-ui/1.12.1/jquery-ui.min.js HTTP/1.1" 304 (11 ms)
[28/Jun/2019:16:53:14 +0800] 0:0:0:0:0:0:0:1 "GET /cas/webjars/bootstrap/3.3.7-1/js/bootstrap.min.js HTTP/1.1" 304 (16 ms)
[28/Jun/2019:16:53:14 +0800] 0:0:0:0:0:0:0:1 "GET /cas/webjars/headjs/1.0.3/head.min.js HTTP/1.1" 304 (11 ms)
[28/Jun/2019:16:53:14 +0800] 0:0:0:0:0:0:0:1 "GET /cas/js/cas.js HTTP/1.1" 304 (4 ms)
[28/Jun/2019:16:53:14 +0800] 0:0:0:0:0:0:0:1 "GET /cas/webjars/lato/0.3.0/font/lato-light/lato-light.woff2 HTTP/1.1" 200 (21 ms)
[28/Jun/2019:16:53:14 +0800] 0:0:0:0:0:0:0:1 "GET /cas/webjars/font-awesome/4.7.0/fonts/fontawesome-webfont.woff2?v=4.7.0 HTTP/1.1" 200 (24 ms)
[28/Jun/2019:16:53:20 +0800] 0:0:0:0:0:0:0:1 "GET /cas/favicon.ico HTTP/1.1" 200 (5308 ms)
[28/Jun/2019:16:58:37 +0800] 0:0:0:0:0:0:0:1 "GET /cas HTTP/1.1" 302 (0 ms)
[28/Jun/2019:16:58:42 +0800] 0:0:0:0:0:0:0:1 "GET /cas/ HTTP/1.1" 302 (5052 ms)
[28/Jun/2019:16:58:46 +0800] 0:0:0:0:0:0:0:1 "GET /cas/login HTTP/1.1" 200 (3642 ms)
[28/Jun/2019:16:58:46 +0800] 0:0:0:0:0:0:0:1 "GET /cas/webjars/lato/0.3.0/css/lato.min.css HTTP/1.1" 200 (11 ms)
[28/Jun/2019:16:58:46 +0800] 0:0:0:0:0:0:0:1 "GET /cas/webjars/font-awesome/4.7.0/css/font-awesome.min.css HTTP/1.1" 200 (29 ms)
[28/Jun/2019:16:58:46 +0800] 0:0:0:0:0:0:0:1 "GET /cas/webjars/jquery-cookie/1.4.1-1/jquery.cookie.js HTTP/1.1" 200 (9 ms)
[28/Jun/2019:16:58:46 +0800] 0:0:0:0:0:0:0:1 "GET /cas/css/cas.css HTTP/1.1" 200 (83 ms)
[28/Jun/2019:16:58:46 +0800] 0:0:0:0:0:0:0:1 "GET /cas/webjars/jquery/3.3.1/dist/jquery.min.js HTTP/1.1" 200 (131 ms)
[28/Jun/2019:16:58:46 +0800] 0:0:0:0:0:0:0:1 "GET /cas/webjars/headjs/1.0.3/head.min.js HTTP/1.1" 200 (21 ms)
[28/Jun/2019:16:58:46 +0800] 0:0:0:0:0:0:0:1 "GET /cas/js/cas.js HTTP/1.1" 200 (12 ms)
[28/Jun/2019:16:58:46 +0800] 0:0:0:0:0:0:0:1 "GET /cas/webjars/bootstrap/3.3.7-1/css/bootstrap.min.css HTTP/1.1" 200 (194 ms)
[28/Jun/2019:16:58:46 +0800] 0:0:0:0:0:0:0:1 "GET /cas/webjars/bootstrap/3.3.7-1/js/bootstrap.min.js HTTP/1.1" 200 (52 ms)
[28/Jun/2019:16:58:46 +0800] 0:0:0:0:0:0:0:1 "GET /cas/webjars/jquery-ui/1.12.1/jquery-ui.min.js HTTP/1.1" 200 (106 ms)
[28/Jun/2019:16:58:46 +0800] 0:0:0:0:0:0:0:1 "GET /cas/webjars/zxcvbn/4.3.0/zxcvbn.js HTTP/1.1" 200 (201 ms)
[28/Jun/2019:16:58:47 +0800] 0:0:0:0:0:0:0:1 "GET /cas/webjars/lato/0.3.0/font/lato-light/lato-light.woff2 HTTP/1.1" 200 (33 ms)
[28/Jun/2019:16:58:47 +0800] 0:0:0:0:0:0:0:1 "GET /cas/webjars/font-awesome/4.7.0/fonts/fontawesome-webfont.woff2?v=4.7.0 HTTP/1.1" 200 (39 ms)
[28/Jun/2019:16:58:47 +0800] 0:0:0:0:0:0:0:1 "GET /cas/favicon.ico HTTP/1.1" 200 (56 ms)
[28/Jun/2019:16:58:57 +0800] 0:0:0:0:0:0:0:1 "POST /cas/login HTTP/1.1" 200 (351 ms)
[28/Jun/2019:16:58:57 +0800] 0:0:0:0:0:0:0:1 "GET /cas/webjars/font-awesome/4.7.0/fonts/fontawesome-webfont.woff2?v=4.7.0 HTTP/1.1" 200 (22 ms)
